<?xml version="1.0" encoding="UTF-8"?>
<!-- Generated by org.testng.reporters.JUnitXMLReporter -->
<testsuite hostname="LAPTOP-NOCISQUH" ignored="0" name="Test" tests="10" failures="0" timestamp="2020-01-08T10:46:13 IST" time="8.1" errors="0">
  <testcase name="digit1_mobileNo" time="0.17" classname="LoginTest.NewTest"/>
  <testcase name="digit2_mobileNo" time="0.092" classname="LoginTest.NewTest"/>
  <testcase name="digit3_mobileNo" time="0.085" classname="LoginTest.NewTest"/>
  <testcase name="digit4_mobileNo" time="0.094" classname="LoginTest.NewTest"/>
  <testcase name="digit5_mobileNo" time="0.079" classname="LoginTest.NewTest"/>
  <testcase name="digit6_mobileNo" time="0.08" classname="LoginTest.NewTest"/>
  <testcase name="digit8_mobileNo" time="0.083" classname="LoginTest.NewTest"/>
  <testcase name="digit9_mobileNo" time="0.083" classname="LoginTest.NewTest"/>
  <testcase name="digit12_mobileNo" time="0.095" classname="LoginTest.NewTest"/>
  <testcase name="digit10_mobileNo" time="0.109" classname="LoginTest.NewTest"/>
</testsuite> <!-- Test -->
