<?xml version="1.0" encoding="UTF-8"?>
<!-- Generated by org.testng.reporters.JUnitXMLReporter -->
<testsuite hostname="LAPTOP-NOCISQUH" ignored="0" name="Test1" tests="7" failures="0" timestamp="2020-01-08T10:46:14 IST" time="1.418" errors="0">
  <testcase name="digit1_mobileNo" time="0.088" classname="LoginTest.NewTest1"/>
  <testcase name="digit2_mobileNo" time="0.089" classname="LoginTest.NewTest1"/>
  <testcase name="digit3_mobileNo" time="0.069" classname="LoginTest.NewTest1"/>
  <testcase name="digit4_mobileNo" time="0.07" classname="LoginTest.NewTest1"/>
  <testcase name="digit5_mobileNo" time="0.069" classname="LoginTest.NewTest1"/>
  <testcase name="digit6_mobileNo" time="0.071" classname="LoginTest.NewTest1"/>
  <testcase name="beforeClass" time="0.001" classname="LoginTest.NewTest1"/>
</testsuite> <!-- Test1 -->
