<?xml version="1.0" encoding="UTF-8"?>
<!-- Generated by org.testng.reporters.JUnitXMLReporter -->
<testsuite hostname="LAPTOP-NOCISQUH" ignored="0" name="Test Basic info card" tests="4" failures="1" timestamp="2020-01-15T18:28:22 IST" time="4.025" errors="0">
  <testcase name="is_Basic_Card" time="0.015" classname="card.view.BasicInfoCard"/>
  <testcase name="b_name" time="0.05" classname="card.view.BasicInfoCard"/>
  <testcase name="b_subcat" time="0.047" classname="card.view.BasicInfoCard"/>
  <testcase name="b_address" time="0.054" classname="card.view.BasicInfoCard">
    <failure type="java.lang.AssertionError" message="expected [Champa Gali, Delhi] but found [Champa Gali]">
      <![CDATA[java.lang.AssertionError: expected [Champa Gali, Delhi] but found [Champa Gali]
at card.view.BasicInfoCard.b_address(BasicInfoCard.java:59)
at java.util.ArrayList.forEach(ArrayList.java:1257)
... Removed 32 stack frames]]>
    </failure>
  </testcase> <!-- b_address -->
</testsuite> <!-- Test Basic info card -->
