<?xml version="1.0" encoding="UTF-8"?>
<!-- Generated by org.testng.reporters.JUnitXMLReporter -->
<testsuite hostname="DESKTOP-7TC1R0K" ignored="0" name="Test Basic info card" tests="4" failures="2" timestamp="2020-01-23T18:14:05 IST" time="4.568" errors="0">
  <testcase name="is_Basic_Card" time="0.02" classname="card.view.BasicInfoCard"/>
  <testcase name="b_name" time="0.063" classname="card.view.BasicInfoCard"/>
  <testcase name="b_subcat" time="0.119" classname="card.view.BasicInfoCard">
    <failure type="java.lang.AssertionError" message="expected [Automobile Showroom,Restaurant,Coaching Class And Tutorial] but found [Automobile Showroom,Restaurant,]">
      <![CDATA[java.lang.AssertionError: expected [Automobile Showroom,Restaurant,Coaching Class And Tutorial] but found [Automobile Showroom,Restaurant,]
at card.view.BasicInfoCard.b_subcat(BasicInfoCard.java:55)
at java.util.ArrayList.forEach(Unknown Source)
... Removed 32 stack frames]]>
    </failure>
  </testcase> <!-- b_subcat -->
  <testcase name="b_address" time="0.097" classname="card.view.BasicInfoCard">
    <failure type="java.lang.AssertionError" message="expected [Saiyad ul Ajaib, Sainik Farm, Delhi] but found [Saiyad ul Ajaib, Sainik Farm]">
      <![CDATA[java.lang.AssertionError: expected [Saiyad ul Ajaib, Sainik Farm, Delhi] but found [Saiyad ul Ajaib, Sainik Farm]
at card.view.BasicInfoCard.b_address(BasicInfoCard.java:60)
at java.util.ArrayList.forEach(Unknown Source)
... Removed 32 stack frames]]>
    </failure>
  </testcase> <!-- b_address -->
</testsuite> <!-- Test Basic info card -->
