<?xml version="1.0" encoding="UTF-8"?>
<!-- Generated by org.testng.reporters.JUnitXMLReporter -->
<testsuite hostname="LAPTOP-NOCISQUH" ignored="0" name="Test" tests="10" failures="0" timestamp="2020-01-08T13:19:35 IST" time="10.547" errors="0">
  <testcase name="digit1_mobileNo" time="0.122" classname="LoginTest.NewTest"/>
  <testcase name="digit2_mobileNo" time="0.1" classname="LoginTest.NewTest"/>
  <testcase name="digit3_mobileNo" time="0.099" classname="LoginTest.NewTest"/>
  <testcase name="digit4_mobileNo" time="0.083" classname="LoginTest.NewTest"/>
  <testcase name="digit5_mobileNo" time="0.084" classname="LoginTest.NewTest"/>
  <testcase name="digit6_mobileNo" time="0.09" classname="LoginTest.NewTest"/>
  <testcase name="digit8_mobileNo" time="0.082" classname="LoginTest.NewTest"/>
  <testcase name="digit9_mobileNo" time="0.09" classname="LoginTest.NewTest"/>
  <testcase name="digit12_mobileNo" time="0.121" classname="LoginTest.NewTest"/>
  <testcase name="digit10_mobileNo" time="0.159" classname="LoginTest.NewTest"/>
</testsuite> <!-- Test -->
