<?xml version="1.0" encoding="UTF-8"?>
<!-- Generated by org.testng.reporters.JUnitXMLReporter -->
<testsuite hostname="LAPTOP-NOCISQUH" ignored="0" name="Login" tests="19" failures="0" timestamp="2020-01-15T15:08:25 IST" time="0.327" errors="0">
  <testcase name="digit1_mobileNo" time="0.0" classname="Linq.Automation.Login">
    <skipped/>
  </testcase> <!-- digit1_mobileNo -->
  <testcase name="digit2_mobileNo" time="0.0" classname="Linq.Automation.Login">
    <skipped/>
  </testcase> <!-- digit2_mobileNo -->
  <testcase name="digit3_mobileNo" time="0.0" classname="Linq.Automation.Login">
    <skipped/>
  </testcase> <!-- digit3_mobileNo -->
  <testcase name="digit4_mobileNo" time="0.0" classname="Linq.Automation.Login">
    <skipped/>
  </testcase> <!-- digit4_mobileNo -->
  <testcase name="digit5_mobileNo" time="0.0" classname="Linq.Automation.Login">
    <skipped/>
  </testcase> <!-- digit5_mobileNo -->
  <testcase name="digit6_mobileNo" time="0.0" classname="Linq.Automation.Login">
    <skipped/>
  </testcase> <!-- digit6_mobileNo -->
  <testcase name="digit7_mobileNo" time="0.0" classname="Linq.Automation.Login">
    <skipped/>
  </testcase> <!-- digit7_mobileNo -->
  <testcase name="digit8_mobileNo" time="0.0" classname="Linq.Automation.Login">
    <skipped/>
  </testcase> <!-- digit8_mobileNo -->
  <testcase name="digit9_mobileNo" time="0.0" classname="Linq.Automation.Login">
    <skipped/>
  </testcase> <!-- digit9_mobileNo -->
  <testcase name="digit12_mobileNo" time="0.0" classname="Linq.Automation.Login">
    <skipped/>
  </testcase> <!-- digit12_mobileNo -->
  <testcase name="digit10_mobileNo" time="0.0" classname="Linq.Automation.Login">
    <skipped/>
  </testcase> <!-- digit10_mobileNo -->
  <testcase name="char_mobileNo" time="0.0" classname="Linq.Automation.Login">
    <skipped/>
  </testcase> <!-- char_mobileNo -->
  <testcase name="submit_otp" time="0.0" classname="Linq.Automation.Login">
    <skipped/>
  </testcase> <!-- submit_otp -->
  <testcase name="otp_panel_exist" time="0.0" classname="Linq.Automation.Login">
    <skipped/>
  </testcase> <!-- otp_panel_exist -->
  <testcase name="digit1_otp" time="0.0" classname="Linq.Automation.Login">
    <skipped/>
  </testcase> <!-- digit1_otp -->
  <testcase name="digit2_otp" time="0.0" classname="Linq.Automation.Login">
    <skipped/>
  </testcase> <!-- digit2_otp -->
  <testcase name="digit3_otp" time="0.0" classname="Linq.Automation.Login">
    <skipped/>
  </testcase> <!-- digit3_otp -->
  <testcase name="digit4_otp" time="0.0" classname="Linq.Automation.Login">
    <skipped/>
  </testcase> <!-- digit4_otp -->
  <testcase name="char_otp" time="0.0" classname="Linq.Automation.Login">
    <skipped/>
  </testcase> <!-- char_otp -->
</testsuite> <!-- Login -->
